  [4;36;1mSQL (0.2ms)[0m   [0;1m SELECT name
 FROM sqlite_master
 WHERE type = 'table' AND NOT name = 'sqlite_sequence'
[0m
  [4;35;1mSQL (0.1ms)[0m   [0mselect sqlite_version(*)[0m
  [4;36;1mSQL (3.3ms)[0m   [0;1mCREATE TABLE "schema_migrations" ("version" varchar(255) NOT NULL) [0m
  [4;35;1mSQL (3.4ms)[0m   [0mCREATE UNIQUE INDEX "unique_schema_migrations" ON "schema_migrations" ("version")[0m
  [4;36;1mSQL (0.3ms)[0m   [0;1m SELECT name
 FROM sqlite_master
 WHERE type = 'table' AND NOT name = 'sqlite_sequence'
[0m
  [4;35;1mSQL (0.2ms)[0m   [0mSELECT version FROM schema_migrations[0m
Migrating to CreateGames (20100328181629)
  [4;36;1mSQL (0.4ms)[0m   [0;1mCREATE TABLE "games" ("id" INTEGER PRIMARY KEY AUTOINCREMENT NOT NULL, "uuid" varchar(255), "active" boolean, "created_at" datetime, "updated_at" datetime) [0m
  [4;35;1mSQL (0.1ms)[0m   [0mINSERT INTO schema_migrations (version) VALUES ('20100328181629')[0m
Migrating to CreateMoves (20100328182149)
  [4;36;1mSQL (0.3ms)[0m   [0;1m SELECT name
 FROM sqlite_master
 WHERE type = 'table' AND NOT name = 'sqlite_sequence'
[0m
  [4;35;1mSQL (0.1ms)[0m   [0mSELECT version FROM schema_migrations[0m
Migrating to CreateGames (20100328181629)
Migrating to CreateMoves (20100328182149)
  [4;36;1mSQL (0.1ms)[0m   [0;1mselect sqlite_version(*)[0m
  [4;35;1mSQL (0.3ms)[0m   [0mCREATE TABLE "moves" ("id" INTEGER PRIMARY KEY AUTOINCREMENT NOT NULL, "game_id" integer, "x" float, "y" float, "angle" float, "power" float, "attempts" integer, "score_differential" integer, "max_multiplier" integer, "created_at" datetime, "updated_at" datetime) [0m
  [4;36;1mSQL (0.1ms)[0m   [0;1mINSERT INTO schema_migrations (version) VALUES ('20100328182149')[0m
Migrating to CreatePieces (20100328182348)
  [4;35;1mSQL (0.4ms)[0m   [0mCREATE TABLE "pieces" ("id" INTEGER PRIMARY KEY AUTOINCREMENT NOT NULL, "move_id" integer, "x" float, "y" float, "radius" float, "count" integer, "created_at" datetime, "updated_at" datetime) [0m
  [4;36;1mSQL (0.1ms)[0m   [0;1mINSERT INTO schema_migrations (version) VALUES ('20100328182348')[0m
  [4;35;1mSQL (0.4ms)[0m   [0m SELECT name
 FROM sqlite_master
 WHERE type = 'table' AND NOT name = 'sqlite_sequence'
[0m
  [4;36;1mSQL (0.2ms)[0m   [0;1mSELECT version FROM schema_migrations[0m
  [4;35;1mSQL (0.2ms)[0m   [0m SELECT name
 FROM sqlite_master
 WHERE type = 'table' AND NOT name = 'sqlite_sequence'
[0m
  [4;36;1mSQL (0.0ms)[0m   [0;1mPRAGMA index_list("games")[0m
  [4;35;1mSQL (0.0ms)[0m   [0mPRAGMA index_list("moves")[0m
  [4;36;1mSQL (0.0ms)[0m   [0;1mPRAGMA index_list("pieces")[0m
  [4;36;1mSQL (0.4ms)[0m   [0;1m SELECT name
 FROM sqlite_master
 WHERE type = 'table' AND NOT name = 'sqlite_sequence'
[0m
  [4;35;1mSQL (0.1ms)[0m   [0mSELECT version FROM schema_migrations[0m
  [4;36;1mSQL (0.1ms)[0m   [0;1mselect sqlite_version(*)[0m
  [4;35;1mSQL (0.3ms)[0m   [0m SELECT name
 FROM sqlite_master
 WHERE type = 'table' AND NOT name = 'sqlite_sequence'
[0m
  [4;36;1mSQL (3.0ms)[0m   [0;1mCREATE TABLE "games" ("id" INTEGER PRIMARY KEY AUTOINCREMENT NOT NULL, "uuid" varchar(255), "active" boolean, "created_at" datetime, "updated_at" datetime) [0m
  [4;35;1mSQL (0.2ms)[0m   [0m SELECT name
 FROM sqlite_master
 WHERE type = 'table' AND NOT name = 'sqlite_sequence'
[0m
  [4;36;1mSQL (3.1ms)[0m   [0;1mCREATE TABLE "moves" ("id" INTEGER PRIMARY KEY AUTOINCREMENT NOT NULL, "game_id" integer, "x" float, "y" float, "angle" float, "power" float, "attempts" integer, "score_differential" integer, "max_multiplier" integer, "created_at" datetime, "updated_at" datetime) [0m
  [4;35;1mSQL (0.2ms)[0m   [0m SELECT name
 FROM sqlite_master
 WHERE type = 'table' AND NOT name = 'sqlite_sequence'
[0m
  [4;36;1mSQL (3.5ms)[0m   [0;1mCREATE TABLE "pieces" ("id" INTEGER PRIMARY KEY AUTOINCREMENT NOT NULL, "move_id" integer, "x" float, "y" float, "radius" float, "count" integer, "created_at" datetime, "updated_at" datetime) [0m
  [4;35;1mSQL (0.3ms)[0m   [0m SELECT name
 FROM sqlite_master
 WHERE type = 'table' AND NOT name = 'sqlite_sequence'
[0m
  [4;36;1mSQL (4.2ms)[0m   [0;1mCREATE TABLE "schema_migrations" ("version" varchar(255) NOT NULL) [0m
  [4;35;1mSQL (3.9ms)[0m   [0mCREATE UNIQUE INDEX "unique_schema_migrations" ON "schema_migrations" ("version")[0m
  [4;36;1mSQL (0.4ms)[0m   [0;1m SELECT name
 FROM sqlite_master
 WHERE type = 'table' AND NOT name = 'sqlite_sequence'
[0m
  [4;35;1mSQL (0.1ms)[0m   [0mSELECT version FROM "schema_migrations"[0m
  [4;36;1mSQL (3.9ms)[0m   [0;1mINSERT INTO "schema_migrations" (version) VALUES ('20100328182348')[0m
  [4;35;1mSQL (3.8ms)[0m   [0mINSERT INTO "schema_migrations" (version) VALUES ('20100328181629')[0m
  [4;36;1mSQL (4.0ms)[0m   [0;1mINSERT INTO "schema_migrations" (version) VALUES ('20100328182149')[0m
  [4;36;1mSQL (0.4ms)[0m   [0;1m SELECT name
 FROM sqlite_master
 WHERE type = 'table' AND NOT name = 'sqlite_sequence'
[0m
  [4;35;1mSQL (0.1ms)[0m   [0mSELECT version FROM schema_migrations[0m
  [4;36;1mSQL (0.1ms)[0m   [0;1mselect sqlite_version(*)[0m
  [4;35;1mSQL (0.1ms)[0m   [0m SELECT name
 FROM sqlite_master
 WHERE type = 'table' AND NOT name = 'sqlite_sequence'
[0m
  [4;36;1mSQL (40.8ms)[0m   [0;1mCREATE TABLE "games" ("id" INTEGER PRIMARY KEY AUTOINCREMENT NOT NULL, "uuid" varchar(255), "active" boolean, "created_at" datetime, "updated_at" datetime) [0m
  [4;35;1mSQL (0.3ms)[0m   [0m SELECT name
 FROM sqlite_master
 WHERE type = 'table' AND NOT name = 'sqlite_sequence'
[0m
  [4;36;1mSQL (3.4ms)[0m   [0;1mCREATE TABLE "moves" ("id" INTEGER PRIMARY KEY AUTOINCREMENT NOT NULL, "game_id" integer, "x" float, "y" float, "angle" float, "power" float, "attempts" integer, "score_differential" integer, "max_multiplier" integer, "created_at" datetime, "updated_at" datetime) [0m
  [4;35;1mSQL (0.3ms)[0m   [0m SELECT name
 FROM sqlite_master
 WHERE type = 'table' AND NOT name = 'sqlite_sequence'
[0m
  [4;36;1mSQL (4.1ms)[0m   [0;1mCREATE TABLE "pieces" ("id" INTEGER PRIMARY KEY AUTOINCREMENT NOT NULL, "move_id" integer, "x" float, "y" float, "radius" float, "count" integer, "created_at" datetime, "updated_at" datetime) [0m
  [4;35;1mSQL (0.4ms)[0m   [0m SELECT name
 FROM sqlite_master
 WHERE type = 'table' AND NOT name = 'sqlite_sequence'
[0m
  [4;36;1mSQL (4.6ms)[0m   [0;1mCREATE TABLE "schema_migrations" ("version" varchar(255) NOT NULL) [0m
  [4;35;1mSQL (5.2ms)[0m   [0mCREATE UNIQUE INDEX "unique_schema_migrations" ON "schema_migrations" ("version")[0m
  [4;36;1mSQL (0.3ms)[0m   [0;1m SELECT name
 FROM sqlite_master
 WHERE type = 'table' AND NOT name = 'sqlite_sequence'
[0m
  [4;35;1mSQL (0.1ms)[0m   [0mSELECT version FROM "schema_migrations"[0m
  [4;36;1mSQL (5.2ms)[0m   [0;1mINSERT INTO "schema_migrations" (version) VALUES ('20100328182348')[0m
  [4;35;1mSQL (4.4ms)[0m   [0mINSERT INTO "schema_migrations" (version) VALUES ('20100328181629')[0m
  [4;36;1mSQL (5.1ms)[0m   [0;1mINSERT INTO "schema_migrations" (version) VALUES ('20100328182149')[0m
  [4;36;1mSQL (0.4ms)[0m   [0;1m SELECT name
 FROM sqlite_master
 WHERE type = 'table' AND NOT name = 'sqlite_sequence'
[0m
  [4;35;1mSQL (0.1ms)[0m   [0mSELECT version FROM schema_migrations[0m
  [4;36;1mSQL (0.2ms)[0m   [0;1m SELECT name
 FROM sqlite_master
 WHERE type = 'table' AND NOT name = 'sqlite_sequence'
[0m
  [4;35;1mSQL (0.1ms)[0m   [0mSELECT version FROM schema_migrations[0m
Migrating to CreatePieces (20100328182348)
  [4;36;1mSQL (0.1ms)[0m   [0;1mselect sqlite_version(*)[0m
  [4;35;1mSQL (0.6ms)[0m   [0mDROP TABLE "pieces"[0m
  [4;36;1mSQL (0.1ms)[0m   [0;1mDELETE FROM schema_migrations WHERE version = '20100328182348'[0m
Migrating to CreateMoves (20100328182149)
  [4;35;1mSQL (0.6ms)[0m   [0mDROP TABLE "moves"[0m
  [4;36;1mSQL (0.1ms)[0m   [0;1mDELETE FROM schema_migrations WHERE version = '20100328182149'[0m
Migrating to CreateGames (20100328181629)
  [4;35;1mSQL (0.6ms)[0m   [0mDROP TABLE "games"[0m
  [4;36;1mSQL (0.1ms)[0m   [0;1mDELETE FROM schema_migrations WHERE version = '20100328181629'[0m
  [4;35;1mSQL (0.2ms)[0m   [0m SELECT name
 FROM sqlite_master
 WHERE type = 'table' AND NOT name = 'sqlite_sequence'
[0m
  [4;36;1mSQL (0.1ms)[0m   [0;1mSELECT version FROM schema_migrations[0m
  [4;35;1mSQL (0.1ms)[0m   [0m SELECT name
 FROM sqlite_master
 WHERE type = 'table' AND NOT name = 'sqlite_sequence'
[0m
  [4;36;1mSQL (0.3ms)[0m   [0;1m SELECT name
 FROM sqlite_master
 WHERE type = 'table' AND NOT name = 'sqlite_sequence'
[0m
  [4;35;1mSQL (0.1ms)[0m   [0mSELECT version FROM schema_migrations[0m
Migrating to CreateGames (20100328181629)
  [4;36;1mSQL (0.1ms)[0m   [0;1mselect sqlite_version(*)[0m
  [4;35;1mSQL (0.4ms)[0m   [0mCREATE TABLE "games" ("id" INTEGER PRIMARY KEY AUTOINCREMENT NOT NULL, "uuid" varchar(255), "active" boolean, "created_at" datetime, "updated_at" datetime) [0m
  [4;36;1mSQL (0.1ms)[0m   [0;1mINSERT INTO schema_migrations (version) VALUES ('20100328181629')[0m
Migrating to CreateMoves (20100328182149)
  [4;35;1mSQL (0.5ms)[0m   [0mCREATE TABLE "moves" ("id" INTEGER PRIMARY KEY AUTOINCREMENT NOT NULL, "game_id" integer, "x" float, "y" float, "angle" float, "power" float, "attempts" integer, "score_differential" integer, "max_multiplier" integer, "created_at" datetime, "updated_at" datetime) [0m
  [4;36;1mSQL (0.1ms)[0m   [0;1mINSERT INTO schema_migrations (version) VALUES ('20100328182149')[0m
Migrating to CreatePieces (20100328182348)
  [4;35;1mSQL (0.3ms)[0m   [0mCREATE TABLE "pieces" ("id" INTEGER PRIMARY KEY AUTOINCREMENT NOT NULL, "move_id" integer, "x" float, "y" float, "radius" float, "count" integer, "created_at" datetime, "updated_at" datetime) [0m
  [4;36;1mSQL (0.1ms)[0m   [0;1mINSERT INTO schema_migrations (version) VALUES ('20100328182348')[0m
  [4;35;1mSQL (0.3ms)[0m   [0m SELECT name
 FROM sqlite_master
 WHERE type = 'table' AND NOT name = 'sqlite_sequence'
[0m
  [4;36;1mSQL (0.1ms)[0m   [0;1mSELECT version FROM schema_migrations[0m
  [4;35;1mSQL (0.2ms)[0m   [0m SELECT name
 FROM sqlite_master
 WHERE type = 'table' AND NOT name = 'sqlite_sequence'
[0m
  [4;36;1mSQL (0.0ms)[0m   [0;1mPRAGMA index_list("games")[0m
  [4;35;1mSQL (0.0ms)[0m   [0mPRAGMA index_list("moves")[0m
  [4;36;1mSQL (0.0ms)[0m   [0;1mPRAGMA index_list("pieces")[0m
  [4;36;1mSQL (0.4ms)[0m   [0;1m SELECT name
 FROM sqlite_master
 WHERE type = 'table' AND NOT name = 'sqlite_sequence'
[0m
  [4;35;1mSQL (0.1ms)[0m   [0mSELECT version FROM schema_migrations[0m
  [4;36;1mSQL (0.1ms)[0m   [0;1mselect sqlite_version(*)[0m
  [4;35;1mSQL (0.1ms)[0m   [0m SELECT name
 FROM sqlite_master
 WHERE type = 'table' AND NOT name = 'sqlite_sequence'
[0m
  [4;36;1mSQL (41.0ms)[0m   [0;1mCREATE TABLE "games" ("id" INTEGER PRIMARY KEY AUTOINCREMENT NOT NULL, "uuid" varchar(255), "active" boolean, "created_at" datetime, "updated_at" datetime) [0m
  [4;35;1mSQL (0.3ms)[0m   [0m SELECT name
 FROM sqlite_master
 WHERE type = 'table' AND NOT name = 'sqlite_sequence'
[0m
  [4;36;1mSQL (3.3ms)[0m   [0;1mCREATE TABLE "moves" ("id" INTEGER PRIMARY KEY AUTOINCREMENT NOT NULL, "game_id" integer, "x" float, "y" float, "angle" float, "power" float, "attempts" integer, "score_differential" integer, "max_multiplier" integer, "created_at" datetime, "updated_at" datetime) [0m
  [4;35;1mSQL (0.3ms)[0m   [0m SELECT name
 FROM sqlite_master
 WHERE type = 'table' AND NOT name = 'sqlite_sequence'
[0m
  [4;36;1mSQL (5.9ms)[0m   [0;1mCREATE TABLE "pieces" ("id" INTEGER PRIMARY KEY AUTOINCREMENT NOT NULL, "move_id" integer, "x" float, "y" float, "radius" float, "count" integer, "created_at" datetime, "updated_at" datetime) [0m
  [4;35;1mSQL (0.3ms)[0m   [0m SELECT name
 FROM sqlite_master
 WHERE type = 'table' AND NOT name = 'sqlite_sequence'
[0m
  [4;36;1mSQL (5.8ms)[0m   [0;1mCREATE TABLE "schema_migrations" ("version" varchar(255) NOT NULL) [0m
  [4;35;1mSQL (4.1ms)[0m   [0mCREATE UNIQUE INDEX "unique_schema_migrations" ON "schema_migrations" ("version")[0m
  [4;36;1mSQL (0.3ms)[0m   [0;1m SELECT name
 FROM sqlite_master
 WHERE type = 'table' AND NOT name = 'sqlite_sequence'
[0m
  [4;35;1mSQL (0.1ms)[0m   [0mSELECT version FROM "schema_migrations"[0m
  [4;36;1mSQL (5.2ms)[0m   [0;1mINSERT INTO "schema_migrations" (version) VALUES ('20100328182348')[0m
  [4;35;1mSQL (4.6ms)[0m   [0mINSERT INTO "schema_migrations" (version) VALUES ('20100328181629')[0m
  [4;36;1mSQL (5.0ms)[0m   [0;1mINSERT INTO "schema_migrations" (version) VALUES ('20100328182149')[0m
  [4;36;1mSQL (0.4ms)[0m   [0;1m SELECT name
 FROM sqlite_master
 WHERE type = 'table' AND NOT name = 'sqlite_sequence'
[0m
  [4;35;1mSQL (0.1ms)[0m   [0mSELECT version FROM schema_migrations[0m
  [4;36;1mSQL (0.2ms)[0m   [0;1m SELECT name
 FROM sqlite_master
 WHERE type = 'table' AND NOT name = 'sqlite_sequence'
[0m
  [4;35;1mSQL (0.1ms)[0m   [0mSELECT version FROM schema_migrations[0m
Migrating to CreatePieces (20100328182348)
  [4;36;1mSQL (0.1ms)[0m   [0;1mselect sqlite_version(*)[0m
  [4;35;1mSQL (0.6ms)[0m   [0mDROP TABLE "pieces"[0m
  [4;36;1mSQL (0.1ms)[0m   [0;1mDELETE FROM schema_migrations WHERE version = '20100328182348'[0m
Migrating to CreateMoves (20100328182149)
  [4;35;1mSQL (0.5ms)[0m   [0mDROP TABLE "moves"[0m
  [4;36;1mSQL (0.1ms)[0m   [0;1mDELETE FROM schema_migrations WHERE version = '20100328182149'[0m
Migrating to CreateGames (20100328181629)
  [4;35;1mSQL (0.5ms)[0m   [0mDROP TABLE "games"[0m
  [4;36;1mSQL (0.1ms)[0m   [0;1mDELETE FROM schema_migrations WHERE version = '20100328181629'[0m
  [4;35;1mSQL (0.3ms)[0m   [0m SELECT name
 FROM sqlite_master
 WHERE type = 'table' AND NOT name = 'sqlite_sequence'
[0m
  [4;36;1mSQL (0.1ms)[0m   [0;1mSELECT version FROM schema_migrations[0m
  [4;35;1mSQL (0.1ms)[0m   [0m SELECT name
 FROM sqlite_master
 WHERE type = 'table' AND NOT name = 'sqlite_sequence'
[0m
  [4;36;1mSQL (0.3ms)[0m   [0;1m SELECT name
 FROM sqlite_master
 WHERE type = 'table' AND NOT name = 'sqlite_sequence'
[0m
  [4;35;1mSQL (0.1ms)[0m   [0mSELECT version FROM schema_migrations[0m
Migrating to CreateGames (20100328181629)
  [4;36;1mSQL (0.1ms)[0m   [0;1mselect sqlite_version(*)[0m
  [4;35;1mSQL (0.4ms)[0m   [0mCREATE TABLE "games" ("id" INTEGER PRIMARY KEY AUTOINCREMENT NOT NULL, "uuid" varchar(255), "active" boolean, "created_at" datetime, "updated_at" datetime) [0m
  [4;36;1mSQL (0.1ms)[0m   [0;1mINSERT INTO schema_migrations (version) VALUES ('20100328181629')[0m
Migrating to CreateMoves (20100328182149)
  [4;35;1mSQL (0.4ms)[0m   [0mCREATE TABLE "moves" ("id" INTEGER PRIMARY KEY AUTOINCREMENT NOT NULL, "game_id" integer, "x" float, "y" float, "angle" float, "power" float, "attempts" integer, "score_differential" integer, "max_multiplier" integer, "created_at" datetime, "updated_at" datetime) [0m
  [4;36;1mSQL (0.1ms)[0m   [0;1mINSERT INTO schema_migrations (version) VALUES ('20100328182149')[0m
Migrating to CreatePieces (20100328182348)
  [4;35;1mSQL (0.4ms)[0m   [0mCREATE TABLE "pieces" ("id" INTEGER PRIMARY KEY AUTOINCREMENT NOT NULL, "move_id" integer, "x" float, "y" float, "radius" float, "count" integer, "created_at" datetime, "updated_at" datetime) [0m
  [4;36;1mSQL (0.1ms)[0m   [0;1mINSERT INTO schema_migrations (version) VALUES ('20100328182348')[0m
  [4;35;1mSQL (0.3ms)[0m   [0m SELECT name
 FROM sqlite_master
 WHERE type = 'table' AND NOT name = 'sqlite_sequence'
[0m
  [4;36;1mSQL (0.2ms)[0m   [0;1mSELECT version FROM schema_migrations[0m
  [4;35;1mSQL (0.2ms)[0m   [0m SELECT name
 FROM sqlite_master
 WHERE type = 'table' AND NOT name = 'sqlite_sequence'
[0m
  [4;36;1mSQL (0.0ms)[0m   [0;1mPRAGMA index_list("games")[0m
  [4;35;1mSQL (0.0ms)[0m   [0mPRAGMA index_list("moves")[0m
  [4;36;1mSQL (0.0ms)[0m   [0;1mPRAGMA index_list("pieces")[0m
  [4;36;1mSQL (0.4ms)[0m   [0;1m SELECT name
 FROM sqlite_master
 WHERE type = 'table' AND NOT name = 'sqlite_sequence'
[0m
  [4;35;1mSQL (0.1ms)[0m   [0mSELECT version FROM schema_migrations[0m
  [4;36;1mSQL (0.1ms)[0m   [0;1mselect sqlite_version(*)[0m
  [4;35;1mSQL (0.1ms)[0m   [0m SELECT name
 FROM sqlite_master
 WHERE type = 'table' AND NOT name = 'sqlite_sequence'
[0m
  [4;36;1mSQL (41.2ms)[0m   [0;1mCREATE TABLE "games" ("id" INTEGER PRIMARY KEY AUTOINCREMENT NOT NULL, "uuid" varchar(255), "active" boolean, "created_at" datetime, "updated_at" datetime) [0m
  [4;35;1mSQL (0.3ms)[0m   [0m SELECT name
 FROM sqlite_master
 WHERE type = 'table' AND NOT name = 'sqlite_sequence'
[0m
  [4;36;1mSQL (3.3ms)[0m   [0;1mCREATE TABLE "moves" ("id" INTEGER PRIMARY KEY AUTOINCREMENT NOT NULL, "game_id" integer, "x" float, "y" float, "angle" float, "power" float, "attempts" integer, "score_differential" integer, "max_multiplier" integer, "created_at" datetime, "updated_at" datetime) [0m
  [4;35;1mSQL (0.4ms)[0m   [0m SELECT name
 FROM sqlite_master
 WHERE type = 'table' AND NOT name = 'sqlite_sequence'
[0m
  [4;36;1mSQL (4.5ms)[0m   [0;1mCREATE TABLE "pieces" ("id" INTEGER PRIMARY KEY AUTOINCREMENT NOT NULL, "move_id" integer, "x" float, "y" float, "radius" float, "count" integer, "created_at" datetime, "updated_at" datetime) [0m
  [4;35;1mSQL (0.3ms)[0m   [0m SELECT name
 FROM sqlite_master
 WHERE type = 'table' AND NOT name = 'sqlite_sequence'
[0m
  [4;36;1mSQL (4.5ms)[0m   [0;1mCREATE TABLE "schema_migrations" ("version" varchar(255) NOT NULL) [0m
  [4;35;1mSQL (4.7ms)[0m   [0mCREATE UNIQUE INDEX "unique_schema_migrations" ON "schema_migrations" ("version")[0m
  [4;36;1mSQL (0.3ms)[0m   [0;1m SELECT name
 FROM sqlite_master
 WHERE type = 'table' AND NOT name = 'sqlite_sequence'
[0m
  [4;35;1mSQL (0.1ms)[0m   [0mSELECT version FROM "schema_migrations"[0m
  [4;36;1mSQL (5.1ms)[0m   [0;1mINSERT INTO "schema_migrations" (version) VALUES ('20100328182348')[0m
  [4;35;1mSQL (4.6ms)[0m   [0mINSERT INTO "schema_migrations" (version) VALUES ('20100328181629')[0m
  [4;36;1mSQL (5.0ms)[0m   [0;1mINSERT INTO "schema_migrations" (version) VALUES ('20100328182149')[0m
  [4;36;1mSQL (0.4ms)[0m   [0;1m SELECT name
 FROM sqlite_master
 WHERE type = 'table' AND NOT name = 'sqlite_sequence'
[0m
  [4;35;1mSQL (0.1ms)[0m   [0mSELECT version FROM schema_migrations[0m
  [4;36;1mSQL (0.1ms)[0m   [0;1mselect sqlite_version(*)[0m
  [4;35;1mSQL (0.1ms)[0m   [0m SELECT name
 FROM sqlite_master
 WHERE type = 'table' AND NOT name = 'sqlite_sequence'
[0m
  [4;36;1mSQL (233.1ms)[0m   [0;1mCREATE TABLE "games" ("id" INTEGER PRIMARY KEY AUTOINCREMENT NOT NULL, "uuid" varchar(255), "active" boolean, "created_at" datetime, "updated_at" datetime) [0m
  [4;35;1mSQL (0.2ms)[0m   [0m SELECT name
 FROM sqlite_master
 WHERE type = 'table' AND NOT name = 'sqlite_sequence'
[0m
  [4;36;1mSQL (4.4ms)[0m   [0;1mCREATE TABLE "moves" ("id" INTEGER PRIMARY KEY AUTOINCREMENT NOT NULL, "game_id" integer, "x" float, "y" float, "angle" float, "power" float, "attempts" integer, "score_differential" integer, "max_multiplier" integer, "created_at" datetime, "updated_at" datetime) [0m
  [4;35;1mSQL (0.3ms)[0m   [0m SELECT name
 FROM sqlite_master
 WHERE type = 'table' AND NOT name = 'sqlite_sequence'
[0m
  [4;36;1mSQL (7.4ms)[0m   [0;1mCREATE TABLE "pieces" ("id" INTEGER PRIMARY KEY AUTOINCREMENT NOT NULL, "move_id" integer, "x" float, "y" float, "radius" float, "count" integer, "created_at" datetime, "updated_at" datetime) [0m
  [4;35;1mSQL (0.3ms)[0m   [0m SELECT name
 FROM sqlite_master
 WHERE type = 'table' AND NOT name = 'sqlite_sequence'
[0m
  [4;36;1mSQL (5.9ms)[0m   [0;1mCREATE TABLE "schema_migrations" ("version" varchar(255) NOT NULL) [0m
  [4;35;1mSQL (6.4ms)[0m   [0mCREATE UNIQUE INDEX "unique_schema_migrations" ON "schema_migrations" ("version")[0m
  [4;36;1mSQL (0.4ms)[0m   [0;1m SELECT name
 FROM sqlite_master
 WHERE type = 'table' AND NOT name = 'sqlite_sequence'
[0m
  [4;35;1mSQL (0.2ms)[0m   [0mSELECT version FROM "schema_migrations"[0m
  [4;36;1mSQL (7.0ms)[0m   [0;1mINSERT INTO "schema_migrations" (version) VALUES ('20100328182348')[0m
  [4;35;1mSQL (6.0ms)[0m   [0mINSERT INTO "schema_migrations" (version) VALUES ('20100328181629')[0m
  [4;36;1mSQL (6.1ms)[0m   [0;1mINSERT INTO "schema_migrations" (version) VALUES ('20100328182149')[0m
  [4;36;1mSQL (0.4ms)[0m   [0;1m SELECT name
 FROM sqlite_master
 WHERE type = 'table' AND NOT name = 'sqlite_sequence'
[0m
  [4;35;1mSQL (0.1ms)[0m   [0mSELECT version FROM schema_migrations[0m
  [4;36;1mSQL (0.1ms)[0m   [0;1mselect sqlite_version(*)[0m
  [4;35;1mSQL (0.1ms)[0m   [0m SELECT name
 FROM sqlite_master
 WHERE type = 'table' AND NOT name = 'sqlite_sequence'
[0m
  [4;36;1mSQL (41.5ms)[0m   [0;1mCREATE TABLE "games" ("id" INTEGER PRIMARY KEY AUTOINCREMENT NOT NULL, "uuid" varchar(255), "active" boolean, "created_at" datetime, "updated_at" datetime) [0m
  [4;35;1mSQL (0.2ms)[0m   [0m SELECT name
 FROM sqlite_master
 WHERE type = 'table' AND NOT name = 'sqlite_sequence'
[0m
  [4;36;1mSQL (3.2ms)[0m   [0;1mCREATE TABLE "moves" ("id" INTEGER PRIMARY KEY AUTOINCREMENT NOT NULL, "game_id" integer, "x" float, "y" float, "angle" float, "power" float, "attempts" integer, "score_differential" integer, "max_multiplier" integer, "created_at" datetime, "updated_at" datetime) [0m
  [4;35;1mSQL (0.2ms)[0m   [0m SELECT name
 FROM sqlite_master
 WHERE type = 'table' AND NOT name = 'sqlite_sequence'
[0m
  [4;36;1mSQL (3.8ms)[0m   [0;1mCREATE TABLE "pieces" ("id" INTEGER PRIMARY KEY AUTOINCREMENT NOT NULL, "move_id" integer, "x" float, "y" float, "radius" float, "count" integer, "created_at" datetime, "updated_at" datetime) [0m
  [4;35;1mSQL (0.2ms)[0m   [0m SELECT name
 FROM sqlite_master
 WHERE type = 'table' AND NOT name = 'sqlite_sequence'
[0m
  [4;36;1mSQL (4.2ms)[0m   [0;1mCREATE TABLE "schema_migrations" ("version" varchar(255) NOT NULL) [0m
  [4;35;1mSQL (5.3ms)[0m   [0mCREATE UNIQUE INDEX "unique_schema_migrations" ON "schema_migrations" ("version")[0m
  [4;36;1mSQL (0.2ms)[0m   [0;1m SELECT name
 FROM sqlite_master
 WHERE type = 'table' AND NOT name = 'sqlite_sequence'
[0m
  [4;35;1mSQL (0.1ms)[0m   [0mSELECT version FROM "schema_migrations"[0m
  [4;36;1mSQL (5.4ms)[0m   [0;1mINSERT INTO "schema_migrations" (version) VALUES ('20100328182348')[0m
  [4;35;1mSQL (3.9ms)[0m   [0mINSERT INTO "schema_migrations" (version) VALUES ('20100328181629')[0m
  [4;36;1mSQL (5.0ms)[0m   [0;1mINSERT INTO "schema_migrations" (version) VALUES ('20100328182149')[0m
  [4;36;1mSQL (0.4ms)[0m   [0;1m SELECT name
 FROM sqlite_master
 WHERE type = 'table' AND NOT name = 'sqlite_sequence'
[0m
  [4;35;1mSQL (0.1ms)[0m   [0mSELECT version FROM schema_migrations[0m
  [4;36;1mSQL (0.1ms)[0m   [0;1mselect sqlite_version(*)[0m
  [4;35;1mSQL (0.1ms)[0m   [0m SELECT name
 FROM sqlite_master
 WHERE type = 'table' AND NOT name = 'sqlite_sequence'
[0m
  [4;36;1mSQL (43.3ms)[0m   [0;1mCREATE TABLE "games" ("id" INTEGER PRIMARY KEY AUTOINCREMENT NOT NULL, "uuid" varchar(255), "active" boolean, "created_at" datetime, "updated_at" datetime) [0m
  [4;35;1mSQL (0.3ms)[0m   [0m SELECT name
 FROM sqlite_master
 WHERE type = 'table' AND NOT name = 'sqlite_sequence'
[0m
  [4;36;1mSQL (3.4ms)[0m   [0;1mCREATE TABLE "moves" ("id" INTEGER PRIMARY KEY AUTOINCREMENT NOT NULL, "game_id" integer, "x" float, "y" float, "angle" float, "power" float, "attempts" integer, "score_differential" integer, "max_multiplier" integer, "created_at" datetime, "updated_at" datetime) [0m
  [4;35;1mSQL (0.3ms)[0m   [0m SELECT name
 FROM sqlite_master
 WHERE type = 'table' AND NOT name = 'sqlite_sequence'
[0m
  [4;36;1mSQL (4.6ms)[0m   [0;1mCREATE TABLE "pieces" ("id" INTEGER PRIMARY KEY AUTOINCREMENT NOT NULL, "move_id" integer, "x" float, "y" float, "radius" float, "count" integer, "created_at" datetime, "updated_at" datetime) [0m
  [4;35;1mSQL (0.3ms)[0m   [0m SELECT name
 FROM sqlite_master
 WHERE type = 'table' AND NOT name = 'sqlite_sequence'
[0m
  [4;36;1mSQL (4.2ms)[0m   [0;1mCREATE TABLE "schema_migrations" ("version" varchar(255) NOT NULL) [0m
  [4;35;1mSQL (5.1ms)[0m   [0mCREATE UNIQUE INDEX "unique_schema_migrations" ON "schema_migrations" ("version")[0m
  [4;36;1mSQL (0.3ms)[0m   [0;1m SELECT name
 FROM sqlite_master
 WHERE type = 'table' AND NOT name = 'sqlite_sequence'
[0m
  [4;35;1mSQL (0.1ms)[0m   [0mSELECT version FROM "schema_migrations"[0m
  [4;36;1mSQL (4.5ms)[0m   [0;1mINSERT INTO "schema_migrations" (version) VALUES ('20100328182348')[0m
  [4;35;1mSQL (4.7ms)[0m   [0mINSERT INTO "schema_migrations" (version) VALUES ('20100328181629')[0m
  [4;36;1mSQL (5.3ms)[0m   [0;1mINSERT INTO "schema_migrations" (version) VALUES ('20100328182149')[0m
  [4;36;1mSQL (0.4ms)[0m   [0;1m SELECT name
 FROM sqlite_master
 WHERE type = 'table' AND NOT name = 'sqlite_sequence'
[0m
  [4;35;1mSQL (0.1ms)[0m   [0mSELECT version FROM schema_migrations[0m
  [4;36;1mSQL (0.1ms)[0m   [0;1mselect sqlite_version(*)[0m
  [4;35;1mSQL (0.1ms)[0m   [0m SELECT name
 FROM sqlite_master
 WHERE type = 'table' AND NOT name = 'sqlite_sequence'
[0m
  [4;36;1mSQL (44.3ms)[0m   [0;1mCREATE TABLE "games" ("id" INTEGER PRIMARY KEY AUTOINCREMENT NOT NULL, "uuid" varchar(255), "active" boolean, "created_at" datetime, "updated_at" datetime) [0m
  [4;35;1mSQL (0.3ms)[0m   [0m SELECT name
 FROM sqlite_master
 WHERE type = 'table' AND NOT name = 'sqlite_sequence'
[0m
  [4;36;1mSQL (3.4ms)[0m   [0;1mCREATE TABLE "moves" ("id" INTEGER PRIMARY KEY AUTOINCREMENT NOT NULL, "game_id" integer, "x" float, "y" float, "angle" float, "power" float, "attempts" integer, "score_differential" integer, "max_multiplier" integer, "created_at" datetime, "updated_at" datetime) [0m
  [4;35;1mSQL (0.4ms)[0m   [0m SELECT name
 FROM sqlite_master
 WHERE type = 'table' AND NOT name = 'sqlite_sequence'
[0m
  [4;36;1mSQL (6.1ms)[0m   [0;1mCREATE TABLE "pieces" ("id" INTEGER PRIMARY KEY AUTOINCREMENT NOT NULL, "move_id" integer, "x" float, "y" float, "radius" float, "count" integer, "created_at" datetime, "updated_at" datetime) [0m
  [4;35;1mSQL (0.3ms)[0m   [0m SELECT name
 FROM sqlite_master
 WHERE type = 'table' AND NOT name = 'sqlite_sequence'
[0m
  [4;36;1mSQL (4.7ms)[0m   [0;1mCREATE TABLE "schema_migrations" ("version" varchar(255) NOT NULL) [0m
  [4;35;1mSQL (4.9ms)[0m   [0mCREATE UNIQUE INDEX "unique_schema_migrations" ON "schema_migrations" ("version")[0m
  [4;36;1mSQL (0.4ms)[0m   [0;1m SELECT name
 FROM sqlite_master
 WHERE type = 'table' AND NOT name = 'sqlite_sequence'
[0m
  [4;35;1mSQL (0.2ms)[0m   [0mSELECT version FROM "schema_migrations"[0m
  [4;36;1mSQL (5.4ms)[0m   [0;1mINSERT INTO "schema_migrations" (version) VALUES ('20100328182348')[0m
  [4;35;1mSQL (4.5ms)[0m   [0mINSERT INTO "schema_migrations" (version) VALUES ('20100328181629')[0m
  [4;36;1mSQL (4.9ms)[0m   [0;1mINSERT INTO "schema_migrations" (version) VALUES ('20100328182149')[0m
  [4;36;1mSQL (0.4ms)[0m   [0;1m SELECT name
 FROM sqlite_master
 WHERE type = 'table' AND NOT name = 'sqlite_sequence'
[0m
  [4;35;1mSQL (0.1ms)[0m   [0mSELECT version FROM schema_migrations[0m
  [4;36;1mSQL (0.1ms)[0m   [0;1mselect sqlite_version(*)[0m
  [4;35;1mSQL (0.1ms)[0m   [0m SELECT name
 FROM sqlite_master
 WHERE type = 'table' AND NOT name = 'sqlite_sequence'
[0m
  [4;36;1mSQL (42.1ms)[0m   [0;1mCREATE TABLE "games" ("id" INTEGER PRIMARY KEY AUTOINCREMENT NOT NULL, "uuid" varchar(255), "active" boolean, "created_at" datetime, "updated_at" datetime) [0m
  [4;35;1mSQL (0.3ms)[0m   [0m SELECT name
 FROM sqlite_master
 WHERE type = 'table' AND NOT name = 'sqlite_sequence'
[0m
  [4;36;1mSQL (3.3ms)[0m   [0;1mCREATE TABLE "moves" ("id" INTEGER PRIMARY KEY AUTOINCREMENT NOT NULL, "game_id" integer, "x" float, "y" float, "angle" float, "power" float, "attempts" integer, "score_differential" integer, "max_multiplier" integer, "created_at" datetime, "updated_at" datetime) [0m
  [4;35;1mSQL (0.3ms)[0m   [0m SELECT name
 FROM sqlite_master
 WHERE type = 'table' AND NOT name = 'sqlite_sequence'
[0m
  [4;36;1mSQL (4.2ms)[0m   [0;1mCREATE TABLE "pieces" ("id" INTEGER PRIMARY KEY AUTOINCREMENT NOT NULL, "move_id" integer, "x" float, "y" float, "radius" float, "count" integer, "created_at" datetime, "updated_at" datetime) [0m
  [4;35;1mSQL (0.4ms)[0m   [0m SELECT name
 FROM sqlite_master
 WHERE type = 'table' AND NOT name = 'sqlite_sequence'
[0m
  [4;36;1mSQL (5.6ms)[0m   [0;1mCREATE TABLE "schema_migrations" ("version" varchar(255) NOT NULL) [0m
  [4;35;1mSQL (6.2ms)[0m   [0mCREATE UNIQUE INDEX "unique_schema_migrations" ON "schema_migrations" ("version")[0m
  [4;36;1mSQL (0.4ms)[0m   [0;1m SELECT name
 FROM sqlite_master
 WHERE type = 'table' AND NOT name = 'sqlite_sequence'
[0m
  [4;35;1mSQL (0.2ms)[0m   [0mSELECT version FROM "schema_migrations"[0m
  [4;36;1mSQL (5.2ms)[0m   [0;1mINSERT INTO "schema_migrations" (version) VALUES ('20100328182348')[0m
  [4;35;1mSQL (4.4ms)[0m   [0mINSERT INTO "schema_migrations" (version) VALUES ('20100328181629')[0m
  [4;36;1mSQL (5.8ms)[0m   [0;1mINSERT INTO "schema_migrations" (version) VALUES ('20100328182149')[0m
  [4;36;1mSQL (0.4ms)[0m   [0;1m SELECT name
 FROM sqlite_master
 WHERE type = 'table' AND NOT name = 'sqlite_sequence'
[0m
  [4;35;1mSQL (0.1ms)[0m   [0mSELECT version FROM schema_migrations[0m
  [4;36;1mSQL (0.1ms)[0m   [0;1mselect sqlite_version(*)[0m
  [4;35;1mSQL (0.1ms)[0m   [0m SELECT name
 FROM sqlite_master
 WHERE type = 'table' AND NOT name = 'sqlite_sequence'
[0m
  [4;36;1mSQL (46.6ms)[0m   [0;1mCREATE TABLE "games" ("id" INTEGER PRIMARY KEY AUTOINCREMENT NOT NULL, "uuid" varchar(255), "active" boolean, "created_at" datetime, "updated_at" datetime) [0m
  [4;35;1mSQL (0.3ms)[0m   [0m SELECT name
 FROM sqlite_master
 WHERE type = 'table' AND NOT name = 'sqlite_sequence'
[0m
  [4;36;1mSQL (3.4ms)[0m   [0;1mCREATE TABLE "moves" ("id" INTEGER PRIMARY KEY AUTOINCREMENT NOT NULL, "game_id" integer, "x" float, "y" float, "angle" float, "power" float, "attempts" integer, "score_differential" integer, "max_multiplier" integer, "created_at" datetime, "updated_at" datetime) [0m
  [4;35;1mSQL (0.4ms)[0m   [0m SELECT name
 FROM sqlite_master
 WHERE type = 'table' AND NOT name = 'sqlite_sequence'
[0m
  [4;36;1mSQL (5.6ms)[0m   [0;1mCREATE TABLE "pieces" ("id" INTEGER PRIMARY KEY AUTOINCREMENT NOT NULL, "move_id" integer, "x" float, "y" float, "radius" float, "count" integer, "created_at" datetime, "updated_at" datetime) [0m
  [4;35;1mSQL (0.4ms)[0m   [0m SELECT name
 FROM sqlite_master
 WHERE type = 'table' AND NOT name = 'sqlite_sequence'
[0m
  [4;36;1mSQL (5.5ms)[0m   [0;1mCREATE TABLE "schema_migrations" ("version" varchar(255) NOT NULL) [0m
  [4;35;1mSQL (4.0ms)[0m   [0mCREATE UNIQUE INDEX "unique_schema_migrations" ON "schema_migrations" ("version")[0m
  [4;36;1mSQL (0.4ms)[0m   [0;1m SELECT name
 FROM sqlite_master
 WHERE type = 'table' AND NOT name = 'sqlite_sequence'
[0m
  [4;35;1mSQL (0.1ms)[0m   [0mSELECT version FROM "schema_migrations"[0m
  [4;36;1mSQL (5.3ms)[0m   [0;1mINSERT INTO "schema_migrations" (version) VALUES ('20100328182348')[0m
  [4;35;1mSQL (5.8ms)[0m   [0mINSERT INTO "schema_migrations" (version) VALUES ('20100328181629')[0m
  [4;36;1mSQL (4.7ms)[0m   [0;1mINSERT INTO "schema_migrations" (version) VALUES ('20100328182149')[0m
  [4;36;1mSQL (0.4ms)[0m   [0;1m SELECT name
 FROM sqlite_master
 WHERE type = 'table' AND NOT name = 'sqlite_sequence'
[0m
  [4;35;1mSQL (0.1ms)[0m   [0mSELECT version FROM schema_migrations[0m
  [4;36;1mSQL (0.1ms)[0m   [0;1mselect sqlite_version(*)[0m
  [4;35;1mSQL (0.1ms)[0m   [0m SELECT name
 FROM sqlite_master
 WHERE type = 'table' AND NOT name = 'sqlite_sequence'
[0m
  [4;36;1mSQL (43.3ms)[0m   [0;1mCREATE TABLE "games" ("id" INTEGER PRIMARY KEY AUTOINCREMENT NOT NULL, "uuid" varchar(255), "active" boolean, "created_at" datetime, "updated_at" datetime) [0m
  [4;35;1mSQL (0.3ms)[0m   [0m SELECT name
 FROM sqlite_master
 WHERE type = 'table' AND NOT name = 'sqlite_sequence'
[0m
  [4;36;1mSQL (3.4ms)[0m   [0;1mCREATE TABLE "moves" ("id" INTEGER PRIMARY KEY AUTOINCREMENT NOT NULL, "game_id" integer, "x" float, "y" float, "angle" float, "power" float, "attempts" integer, "score_differential" integer, "max_multiplier" integer, "created_at" datetime, "updated_at" datetime) [0m
  [4;35;1mSQL (0.4ms)[0m   [0m SELECT name
 FROM sqlite_master
 WHERE type = 'table' AND NOT name = 'sqlite_sequence'
[0m
  [4;36;1mSQL (4.1ms)[0m   [0;1mCREATE TABLE "pieces" ("id" INTEGER PRIMARY KEY AUTOINCREMENT NOT NULL, "move_id" integer, "x" float, "y" float, "radius" float, "count" integer, "created_at" datetime, "updated_at" datetime) [0m
  [4;35;1mSQL (0.4ms)[0m   [0m SELECT name
 FROM sqlite_master
 WHERE type = 'table' AND NOT name = 'sqlite_sequence'
[0m
  [4;36;1mSQL (4.8ms)[0m   [0;1mCREATE TABLE "schema_migrations" ("version" varchar(255) NOT NULL) [0m
  [4;35;1mSQL (4.7ms)[0m   [0mCREATE UNIQUE INDEX "unique_schema_migrations" ON "schema_migrations" ("version")[0m
  [4;36;1mSQL (0.3ms)[0m   [0;1m SELECT name
 FROM sqlite_master
 WHERE type = 'table' AND NOT name = 'sqlite_sequence'
[0m
  [4;35;1mSQL (0.1ms)[0m   [0mSELECT version FROM "schema_migrations"[0m
  [4;36;1mSQL (5.2ms)[0m   [0;1mINSERT INTO "schema_migrations" (version) VALUES ('20100328182348')[0m
  [4;35;1mSQL (5.2ms)[0m   [0mINSERT INTO "schema_migrations" (version) VALUES ('20100328181629')[0m
  [4;36;1mSQL (4.8ms)[0m   [0;1mINSERT INTO "schema_migrations" (version) VALUES ('20100328182149')[0m
  [4;36;1mSQL (0.4ms)[0m   [0;1m SELECT name
 FROM sqlite_master
 WHERE type = 'table' AND NOT name = 'sqlite_sequence'
[0m
  [4;35;1mSQL (0.1ms)[0m   [0mSELECT version FROM schema_migrations[0m
  [4;36;1mSQL (0.1ms)[0m   [0;1mselect sqlite_version(*)[0m
  [4;35;1mSQL (0.1ms)[0m   [0m SELECT name
 FROM sqlite_master
 WHERE type = 'table' AND NOT name = 'sqlite_sequence'
[0m
  [4;36;1mSQL (42.4ms)[0m   [0;1mCREATE TABLE "games" ("id" INTEGER PRIMARY KEY AUTOINCREMENT NOT NULL, "uuid" varchar(255), "active" boolean, "created_at" datetime, "updated_at" datetime) [0m
  [4;35;1mSQL (0.2ms)[0m   [0m SELECT name
 FROM sqlite_master
 WHERE type = 'table' AND NOT name = 'sqlite_sequence'
[0m
  [4;36;1mSQL (3.1ms)[0m   [0;1mCREATE TABLE "moves" ("id" INTEGER PRIMARY KEY AUTOINCREMENT NOT NULL, "game_id" integer, "x" float, "y" float, "angle" float, "power" float, "attempts" integer, "score_differential" integer, "max_multiplier" integer, "created_at" datetime, "updated_at" datetime) [0m
  [4;35;1mSQL (0.3ms)[0m   [0m SELECT name
 FROM sqlite_master
 WHERE type = 'table' AND NOT name = 'sqlite_sequence'
[0m
  [4;36;1mSQL (4.1ms)[0m   [0;1mCREATE TABLE "pieces" ("id" INTEGER PRIMARY KEY AUTOINCREMENT NOT NULL, "move_id" integer, "x" float, "y" float, "radius" float, "count" integer, "created_at" datetime, "updated_at" datetime) [0m
  [4;35;1mSQL (0.3ms)[0m   [0m SELECT name
 FROM sqlite_master
 WHERE type = 'table' AND NOT name = 'sqlite_sequence'
[0m
  [4;36;1mSQL (5.3ms)[0m   [0;1mCREATE TABLE "schema_migrations" ("version" varchar(255) NOT NULL) [0m
  [4;35;1mSQL (5.5ms)[0m   [0mCREATE UNIQUE INDEX "unique_schema_migrations" ON "schema_migrations" ("version")[0m
  [4;36;1mSQL (0.3ms)[0m   [0;1m SELECT name
 FROM sqlite_master
 WHERE type = 'table' AND NOT name = 'sqlite_sequence'
[0m
  [4;35;1mSQL (0.1ms)[0m   [0mSELECT version FROM "schema_migrations"[0m
  [4;36;1mSQL (4.6ms)[0m   [0;1mINSERT INTO "schema_migrations" (version) VALUES ('20100328182348')[0m
  [4;35;1mSQL (5.3ms)[0m   [0mINSERT INTO "schema_migrations" (version) VALUES ('20100328181629')[0m
  [4;36;1mSQL (6.0ms)[0m   [0;1mINSERT INTO "schema_migrations" (version) VALUES ('20100328182149')[0m
  [4;36;1mSQL (0.4ms)[0m   [0;1m SELECT name
 FROM sqlite_master
 WHERE type = 'table' AND NOT name = 'sqlite_sequence'
[0m
  [4;35;1mSQL (0.1ms)[0m   [0mSELECT version FROM schema_migrations[0m
  [4;36;1mSQL (0.1ms)[0m   [0;1mselect sqlite_version(*)[0m
  [4;35;1mSQL (0.1ms)[0m   [0m SELECT name
 FROM sqlite_master
 WHERE type = 'table' AND NOT name = 'sqlite_sequence'
[0m
  [4;36;1mSQL (40.3ms)[0m   [0;1mCREATE TABLE "games" ("id" INTEGER PRIMARY KEY AUTOINCREMENT NOT NULL, "uuid" varchar(255), "active" boolean, "created_at" datetime, "updated_at" datetime) [0m
  [4;35;1mSQL (0.3ms)[0m   [0m SELECT name
 FROM sqlite_master
 WHERE type = 'table' AND NOT name = 'sqlite_sequence'
[0m
  [4;36;1mSQL (3.4ms)[0m   [0;1mCREATE TABLE "moves" ("id" INTEGER PRIMARY KEY AUTOINCREMENT NOT NULL, "game_id" integer, "x" float, "y" float, "angle" float, "power" float, "attempts" integer, "score_differential" integer, "max_multiplier" integer, "created_at" datetime, "updated_at" datetime) [0m
  [4;35;1mSQL (0.3ms)[0m   [0m SELECT name
 FROM sqlite_master
 WHERE type = 'table' AND NOT name = 'sqlite_sequence'
[0m
  [4;36;1mSQL (4.7ms)[0m   [0;1mCREATE TABLE "pieces" ("id" INTEGER PRIMARY KEY AUTOINCREMENT NOT NULL, "move_id" integer, "x" float, "y" float, "radius" float, "count" integer, "created_at" datetime, "updated_at" datetime) [0m
  [4;35;1mSQL (0.4ms)[0m   [0m SELECT name
 FROM sqlite_master
 WHERE type = 'table' AND NOT name = 'sqlite_sequence'
[0m
  [4;36;1mSQL (4.1ms)[0m   [0;1mCREATE TABLE "schema_migrations" ("version" varchar(255) NOT NULL) [0m
  [4;35;1mSQL (5.5ms)[0m   [0mCREATE UNIQUE INDEX "unique_schema_migrations" ON "schema_migrations" ("version")[0m
  [4;36;1mSQL (0.3ms)[0m   [0;1m SELECT name
 FROM sqlite_master
 WHERE type = 'table' AND NOT name = 'sqlite_sequence'
[0m
  [4;35;1mSQL (0.1ms)[0m   [0mSELECT version FROM "schema_migrations"[0m
  [4;36;1mSQL (4.3ms)[0m   [0;1mINSERT INTO "schema_migrations" (version) VALUES ('20100328182348')[0m
  [4;35;1mSQL (4.8ms)[0m   [0mINSERT INTO "schema_migrations" (version) VALUES ('20100328181629')[0m
  [4;36;1mSQL (5.5ms)[0m   [0;1mINSERT INTO "schema_migrations" (version) VALUES ('20100328182149')[0m
  [4;36;1mSQL (0.4ms)[0m   [0;1m SELECT name
 FROM sqlite_master
 WHERE type = 'table' AND NOT name = 'sqlite_sequence'
[0m
  [4;35;1mSQL (0.1ms)[0m   [0mSELECT version FROM schema_migrations[0m
  [4;36;1mSQL (0.1ms)[0m   [0;1mselect sqlite_version(*)[0m
  [4;35;1mSQL (0.1ms)[0m   [0m SELECT name
 FROM sqlite_master
 WHERE type = 'table' AND NOT name = 'sqlite_sequence'
[0m
  [4;36;1mSQL (49.4ms)[0m   [0;1mCREATE TABLE "games" ("id" INTEGER PRIMARY KEY AUTOINCREMENT NOT NULL, "uuid" varchar(255), "active" boolean, "created_at" datetime, "updated_at" datetime) [0m
  [4;35;1mSQL (0.3ms)[0m   [0m SELECT name
 FROM sqlite_master
 WHERE type = 'table' AND NOT name = 'sqlite_sequence'
[0m
  [4;36;1mSQL (3.2ms)[0m   [0;1mCREATE TABLE "moves" ("id" INTEGER PRIMARY KEY AUTOINCREMENT NOT NULL, "game_id" integer, "x" float, "y" float, "angle" float, "power" float, "attempts" integer, "score_differential" integer, "max_multiplier" integer, "created_at" datetime, "updated_at" datetime) [0m
  [4;35;1mSQL (0.3ms)[0m   [0m SELECT name
 FROM sqlite_master
 WHERE type = 'table' AND NOT name = 'sqlite_sequence'
[0m
  [4;36;1mSQL (4.5ms)[0m   [0;1mCREATE TABLE "pieces" ("id" INTEGER PRIMARY KEY AUTOINCREMENT NOT NULL, "move_id" integer, "x" float, "y" float, "radius" float, "count" integer, "created_at" datetime, "updated_at" datetime) [0m
  [4;35;1mSQL (0.4ms)[0m   [0m SELECT name
 FROM sqlite_master
 WHERE type = 'table' AND NOT name = 'sqlite_sequence'
[0m
  [4;36;1mSQL (4.2ms)[0m   [0;1mCREATE TABLE "schema_migrations" ("version" varchar(255) NOT NULL) [0m
  [4;35;1mSQL (6.0ms)[0m   [0mCREATE UNIQUE INDEX "unique_schema_migrations" ON "schema_migrations" ("version")[0m
  [4;36;1mSQL (0.3ms)[0m   [0;1m SELECT name
 FROM sqlite_master
 WHERE type = 'table' AND NOT name = 'sqlite_sequence'
[0m
  [4;35;1mSQL (0.1ms)[0m   [0mSELECT version FROM "schema_migrations"[0m
  [4;36;1mSQL (4.5ms)[0m   [0;1mINSERT INTO "schema_migrations" (version) VALUES ('20100328182348')[0m
  [4;35;1mSQL (4.7ms)[0m   [0mINSERT INTO "schema_migrations" (version) VALUES ('20100328181629')[0m
  [4;36;1mSQL (5.8ms)[0m   [0;1mINSERT INTO "schema_migrations" (version) VALUES ('20100328182149')[0m
  [4;36;1mSQL (0.4ms)[0m   [0;1m SELECT name
 FROM sqlite_master
 WHERE type = 'table' AND NOT name = 'sqlite_sequence'
[0m
  [4;35;1mSQL (0.1ms)[0m   [0mSELECT version FROM schema_migrations[0m
  [4;36;1mSQL (0.1ms)[0m   [0;1mselect sqlite_version(*)[0m
  [4;35;1mSQL (0.1ms)[0m   [0m SELECT name
 FROM sqlite_master
 WHERE type = 'table' AND NOT name = 'sqlite_sequence'
[0m
  [4;36;1mSQL (45.9ms)[0m   [0;1mCREATE TABLE "games" ("id" INTEGER PRIMARY KEY AUTOINCREMENT NOT NULL, "uuid" varchar(255), "active" boolean, "created_at" datetime, "updated_at" datetime) [0m
  [4;35;1mSQL (0.2ms)[0m   [0m SELECT name
 FROM sqlite_master
 WHERE type = 'table' AND NOT name = 'sqlite_sequence'
[0m
  [4;36;1mSQL (3.4ms)[0m   [0;1mCREATE TABLE "moves" ("id" INTEGER PRIMARY KEY AUTOINCREMENT NOT NULL, "game_id" integer, "x" float, "y" float, "angle" float, "power" float, "attempts" integer, "score_differential" integer, "max_multiplier" integer, "created_at" datetime, "updated_at" datetime) [0m
  [4;35;1mSQL (0.4ms)[0m   [0m SELECT name
 FROM sqlite_master
 WHERE type = 'table' AND NOT name = 'sqlite_sequence'
[0m
  [4;36;1mSQL (4.7ms)[0m   [0;1mCREATE TABLE "pieces" ("id" INTEGER PRIMARY KEY AUTOINCREMENT NOT NULL, "move_id" integer, "x" float, "y" float, "radius" float, "count" integer, "created_at" datetime, "updated_at" datetime) [0m
  [4;35;1mSQL (0.3ms)[0m   [0m SELECT name
 FROM sqlite_master
 WHERE type = 'table' AND NOT name = 'sqlite_sequence'
[0m
  [4;36;1mSQL (4.7ms)[0m   [0;1mCREATE TABLE "schema_migrations" ("version" varchar(255) NOT NULL) [0m
  [4;35;1mSQL (5.6ms)[0m   [0mCREATE UNIQUE INDEX "unique_schema_migrations" ON "schema_migrations" ("version")[0m
  [4;36;1mSQL (0.3ms)[0m   [0;1m SELECT name
 FROM sqlite_master
 WHERE type = 'table' AND NOT name = 'sqlite_sequence'
[0m
  [4;35;1mSQL (0.1ms)[0m   [0mSELECT version FROM "schema_migrations"[0m
  [4;36;1mSQL (4.3ms)[0m   [0;1mINSERT INTO "schema_migrations" (version) VALUES ('20100328182348')[0m
  [4;35;1mSQL (5.3ms)[0m   [0mINSERT INTO "schema_migrations" (version) VALUES ('20100328181629')[0m
  [4;36;1mSQL (5.8ms)[0m   [0;1mINSERT INTO "schema_migrations" (version) VALUES ('20100328182149')[0m
  [4;36;1mSQL (0.4ms)[0m   [0;1m SELECT name
 FROM sqlite_master
 WHERE type = 'table' AND NOT name = 'sqlite_sequence'
[0m
  [4;35;1mSQL (0.1ms)[0m   [0mSELECT version FROM schema_migrations[0m
  [4;36;1mSQL (0.1ms)[0m   [0;1mselect sqlite_version(*)[0m
  [4;35;1mSQL (0.1ms)[0m   [0m SELECT name
 FROM sqlite_master
 WHERE type = 'table' AND NOT name = 'sqlite_sequence'
[0m
  [4;36;1mSQL (38.5ms)[0m   [0;1mCREATE TABLE "games" ("id" INTEGER PRIMARY KEY AUTOINCREMENT NOT NULL, "uuid" varchar(255), "active" boolean, "created_at" datetime, "updated_at" datetime) [0m
  [4;35;1mSQL (0.3ms)[0m   [0m SELECT name
 FROM sqlite_master
 WHERE type = 'table' AND NOT name = 'sqlite_sequence'
[0m
  [4;36;1mSQL (3.3ms)[0m   [0;1mCREATE TABLE "moves" ("id" INTEGER PRIMARY KEY AUTOINCREMENT NOT NULL, "game_id" integer, "x" float, "y" float, "angle" float, "power" float, "attempts" integer, "score_differential" integer, "max_multiplier" integer, "created_at" datetime, "updated_at" datetime) [0m
  [4;35;1mSQL (0.4ms)[0m   [0m SELECT name
 FROM sqlite_master
 WHERE type = 'table' AND NOT name = 'sqlite_sequence'
[0m
  [4;36;1mSQL (4.9ms)[0m   [0;1mCREATE TABLE "pieces" ("id" INTEGER PRIMARY KEY AUTOINCREMENT NOT NULL, "move_id" integer, "x" float, "y" float, "radius" float, "count" integer, "created_at" datetime, "updated_at" datetime) [0m
  [4;35;1mSQL (0.4ms)[0m   [0m SELECT name
 FROM sqlite_master
 WHERE type = 'table' AND NOT name = 'sqlite_sequence'
[0m
  [4;36;1mSQL (4.9ms)[0m   [0;1mCREATE TABLE "schema_migrations" ("version" varchar(255) NOT NULL) [0m
  [4;35;1mSQL (4.0ms)[0m   [0mCREATE UNIQUE INDEX "unique_schema_migrations" ON "schema_migrations" ("version")[0m
  [4;36;1mSQL (0.3ms)[0m   [0;1m SELECT name
 FROM sqlite_master
 WHERE type = 'table' AND NOT name = 'sqlite_sequence'
[0m
  [4;35;1mSQL (0.1ms)[0m   [0mSELECT version FROM "schema_migrations"[0m
  [4;36;1mSQL (4.0ms)[0m   [0;1mINSERT INTO "schema_migrations" (version) VALUES ('20100328182348')[0m
  [4;35;1mSQL (4.2ms)[0m   [0mINSERT INTO "schema_migrations" (version) VALUES ('20100328181629')[0m
  [4;36;1mSQL (4.1ms)[0m   [0;1mINSERT INTO "schema_migrations" (version) VALUES ('20100328182149')[0m
  [4;36;1mSQL (0.4ms)[0m   [0;1m SELECT name
 FROM sqlite_master
 WHERE type = 'table' AND NOT name = 'sqlite_sequence'
[0m
  [4;35;1mSQL (0.1ms)[0m   [0mSELECT version FROM schema_migrations[0m
  [4;36;1mSQL (0.1ms)[0m   [0;1mselect sqlite_version(*)[0m
  [4;35;1mSQL (0.1ms)[0m   [0m SELECT name
 FROM sqlite_master
 WHERE type = 'table' AND NOT name = 'sqlite_sequence'
[0m
  [4;36;1mSQL (42.5ms)[0m   [0;1mCREATE TABLE "games" ("id" INTEGER PRIMARY KEY AUTOINCREMENT NOT NULL, "uuid" varchar(255), "active" boolean, "created_at" datetime, "updated_at" datetime) [0m
  [4;35;1mSQL (0.2ms)[0m   [0m SELECT name
 FROM sqlite_master
 WHERE type = 'table' AND NOT name = 'sqlite_sequence'
[0m
  [4;36;1mSQL (3.2ms)[0m   [0;1mCREATE TABLE "moves" ("id" INTEGER PRIMARY KEY AUTOINCREMENT NOT NULL, "game_id" integer, "x" float, "y" float, "angle" float, "power" float, "attempts" integer, "score_differential" integer, "max_multiplier" integer, "created_at" datetime, "updated_at" datetime) [0m
  [4;35;1mSQL (0.3ms)[0m   [0m SELECT name
 FROM sqlite_master
 WHERE type = 'table' AND NOT name = 'sqlite_sequence'
[0m
  [4;36;1mSQL (3.8ms)[0m   [0;1mCREATE TABLE "pieces" ("id" INTEGER PRIMARY KEY AUTOINCREMENT NOT NULL, "move_id" integer, "x" float, "y" float, "radius" float, "count" integer, "created_at" datetime, "updated_at" datetime) [0m
  [4;35;1mSQL (0.2ms)[0m   [0m SELECT name
 FROM sqlite_master
 WHERE type = 'table' AND NOT name = 'sqlite_sequence'
[0m
  [4;36;1mSQL (4.2ms)[0m   [0;1mCREATE TABLE "schema_migrations" ("version" varchar(255) NOT NULL) [0m
  [4;35;1mSQL (5.5ms)[0m   [0mCREATE UNIQUE INDEX "unique_schema_migrations" ON "schema_migrations" ("version")[0m
  [4;36;1mSQL (0.3ms)[0m   [0;1m SELECT name
 FROM sqlite_master
 WHERE type = 'table' AND NOT name = 'sqlite_sequence'
[0m
  [4;35;1mSQL (0.1ms)[0m   [0mSELECT version FROM "schema_migrations"[0m
  [4;36;1mSQL (5.8ms)[0m   [0;1mINSERT INTO "schema_migrations" (version) VALUES ('20100328182348')[0m
  [4;35;1mSQL (4.7ms)[0m   [0mINSERT INTO "schema_migrations" (version) VALUES ('20100328181629')[0m
  [4;36;1mSQL (5.2ms)[0m   [0;1mINSERT INTO "schema_migrations" (version) VALUES ('20100328182149')[0m
  [4;36;1mSQL (0.4ms)[0m   [0;1m SELECT name
 FROM sqlite_master
 WHERE type = 'table' AND NOT name = 'sqlite_sequence'
[0m
  [4;35;1mSQL (0.1ms)[0m   [0mSELECT version FROM schema_migrations[0m
  [4;36;1mSQL (0.1ms)[0m   [0;1mselect sqlite_version(*)[0m
  [4;35;1mSQL (0.1ms)[0m   [0m SELECT name
 FROM sqlite_master
 WHERE type = 'table' AND NOT name = 'sqlite_sequence'
[0m
  [4;36;1mSQL (49.4ms)[0m   [0;1mCREATE TABLE "games" ("id" INTEGER PRIMARY KEY AUTOINCREMENT NOT NULL, "uuid" varchar(255), "active" boolean, "created_at" datetime, "updated_at" datetime) [0m
  [4;35;1mSQL (0.3ms)[0m   [0m SELECT name
 FROM sqlite_master
 WHERE type = 'table' AND NOT name = 'sqlite_sequence'
[0m
  [4;36;1mSQL (3.4ms)[0m   [0;1mCREATE TABLE "moves" ("id" INTEGER PRIMARY KEY AUTOINCREMENT NOT NULL, "game_id" integer, "x" float, "y" float, "angle" float, "power" float, "attempts" integer, "score_differential" integer, "max_multiplier" integer, "created_at" datetime, "updated_at" datetime) [0m
  [4;35;1mSQL (0.3ms)[0m   [0m SELECT name
 FROM sqlite_master
 WHERE type = 'table' AND NOT name = 'sqlite_sequence'
[0m
  [4;36;1mSQL (4.3ms)[0m   [0;1mCREATE TABLE "pieces" ("id" INTEGER PRIMARY KEY AUTOINCREMENT NOT NULL, "move_id" integer, "x" float, "y" float, "radius" float, "count" integer, "created_at" datetime, "updated_at" datetime) [0m
  [4;35;1mSQL (0.4ms)[0m   [0m SELECT name
 FROM sqlite_master
 WHERE type = 'table' AND NOT name = 'sqlite_sequence'
[0m
  [4;36;1mSQL (5.5ms)[0m   [0;1mCREATE TABLE "schema_migrations" ("version" varchar(255) NOT NULL) [0m
  [4;35;1mSQL (5.8ms)[0m   [0mCREATE UNIQUE INDEX "unique_schema_migrations" ON "schema_migrations" ("version")[0m
  [4;36;1mSQL (0.4ms)[0m   [0;1m SELECT name
 FROM sqlite_master
 WHERE type = 'table' AND NOT name = 'sqlite_sequence'
[0m
  [4;35;1mSQL (0.2ms)[0m   [0mSELECT version FROM "schema_migrations"[0m
  [4;36;1mSQL (4.5ms)[0m   [0;1mINSERT INTO "schema_migrations" (version) VALUES ('20100328182348')[0m
  [4;35;1mSQL (4.8ms)[0m   [0mINSERT INTO "schema_migrations" (version) VALUES ('20100328181629')[0m
  [4;36;1mSQL (5.8ms)[0m   [0;1mINSERT INTO "schema_migrations" (version) VALUES ('20100328182149')[0m


Processing GamesController#index to json (for 127.0.0.1 at 2010-03-28 15:24:20) [GET]
  [4;36;1mGame Load (0.3ms)[0m   [0;1mSELECT * FROM "games" [0m
Completed in 10ms (View: 2, DB: 0) | 406 Not Acceptable [http://localhost/games.json]


Processing GamesController#index to xml (for 127.0.0.1 at 2010-03-28 15:24:28) [GET]
  [4;35;1mGame Load (0.3ms)[0m   [0mSELECT * FROM "games" [0m
Completed in 4ms (View: 1, DB: 0) | 200 OK [http://localhost/games.xml]


Processing GamesController#index to json (for 127.0.0.1 at 2010-03-28 15:25:14) [GET]
  [4;36;1mGame Load (0.3ms)[0m   [0;1mSELECT * FROM "games" [0m
Completed in 4ms (View: 1, DB: 0) | 200 OK [http://localhost/games.json]


Processing GamesController#create to json (for 127.0.0.1 at 2010-03-28 15:25:46) [POST]
  Parameters: {"game"=>{"uuid"=>"ABCD1234"}}
  [4;35;1mGame Create (0.3ms)[0m   [0mINSERT INTO "games" ("created_at", "uuid", "updated_at", "active") VALUES('2010-03-28 19:25:46', 'ABCD1234', '2010-03-28 19:25:46', NULL)[0m
Completed in 371ms (View: 81, DB: 0) | 201 Created [http://localhost/games.json]


Processing GamesController#index to json (for 127.0.0.1 at 2010-03-28 15:25:56) [GET]
  [4;36;1mGame Load (0.5ms)[0m   [0;1mSELECT * FROM "games" [0m
Completed in 6ms (View: 2, DB: 0) | 200 OK [http://localhost/games.json]


Processing GamesController#create to json (for 127.0.0.1 at 2010-03-28 15:27:48) [POST]
  Parameters: {"game"=>{"uuid"=>"ABCD1234", "moves"=>[{"move"=>{"angle"=>1, "x"=>1, "y"=>1, "power"=>1, "attempts"=>1, "max_multiplier"=>1, "score_differential"=>0}}]}}

ActiveRecord::AssociationTypeMismatch (Move(#2182656840) expected, got HashWithIndifferentAccess(#2156487060)):
  app/controllers/games_controller.rb:43:in `new'
  app/controllers/games_controller.rb:43:in `create'

Rendered rescues/_trace (34.8ms)
Rendered rescues/_request_and_response (1.1ms)
Rendering rescues/layout (internal_server_error)


Processing MovesController#create to json (for 127.0.0.1 at 2010-03-28 15:29:19) [POST]
  Parameters: {"move"=>{"angle"=>1, "x"=>1, "y"=>1, "power"=>1, "attempts"=>1, "game_id"=>1, "max_multiplier"=>1, "score_differential"=>0}}
  [4;35;1mMove Create (0.3ms)[0m   [0mINSERT INTO "moves" ("angle", "created_at", "x", "y", "updated_at", "power", "game_id", "attempts", "score_differential", "max_multiplier") VALUES(1.0, '2010-03-28 19:29:19', 1.0, 1.0, '2010-03-28 19:29:19', 1.0, 1, 1, 0, 1)[0m
Completed in 299ms (View: 4, DB: 0) | 201 Created [http://localhost/moves.json]


Processing GamesController#index to json (for 127.0.0.1 at 2010-03-28 15:29:29) [GET]
  [4;36;1mGame Load (0.4ms)[0m   [0;1mSELECT * FROM "games" [0m
Completed in 6ms (View: 2, DB: 0) | 200 OK [http://localhost/games.json]


Processing GamesController#index to json (for 127.0.0.1 at 2010-03-28 15:30:21) [GET]
  [4;35;1mGame Load (0.4ms)[0m   [0mSELECT * FROM "games" [0m
Completed in 6ms (View: 2, DB: 0) | 200 OK [http://localhost/games.json]


Processing GamesController#index to json (for 127.0.0.1 at 2010-03-28 15:30:34) [GET]
  [4;36;1mGame Load (0.4ms)[0m   [0;1mSELECT * FROM "games" [0m
  [4;35;1mMove Load (0.3ms)[0m   [0mSELECT * FROM "moves" WHERE ("moves".game_id = 1) [0m
Completed in 11ms (View: 1, DB: 1) | 200 OK [http://localhost/games.json]


Processing GamesController#index to json (for 127.0.0.1 at 2010-03-28 15:31:56) [GET]
  [4;36;1mGame Load (0.4ms)[0m   [0;1mSELECT * FROM "games" [0m
  [4;35;1mMove Load (0.2ms)[0m   [0mSELECT "moves".* FROM "moves" WHERE ("moves".game_id = 1) [0m
Completed in 11ms (View: 0, DB: 1) | 200 OK [http://localhost/games.json]


Processing GamesController#show to json (for 127.0.0.1 at 2010-03-28 15:32:02) [GET]
  Parameters: {"id"=>"1"}
  [4;36;1mGame Load (0.2ms)[0m   [0;1mSELECT * FROM "games" WHERE ("games"."id" = 1) [0m
  [4;35;1mMove Load (0.3ms)[0m   [0mSELECT "moves".* FROM "moves" WHERE ("moves".game_id = 1) [0m
Completed in 12ms (View: 0, DB: 0) | 200 OK [http://localhost/games/1.json]


Processing GamesController#show to json (for 127.0.0.1 at 2010-03-28 15:32:24) [GET]
  Parameters: {"id"=>"1"}
  [4;36;1mGame Load (0.2ms)[0m   [0;1mSELECT * FROM "games" WHERE ("games"."id" = 1) [0m
  [4;35;1mMove Load (0.2ms)[0m   [0mSELECT "moves".* FROM "moves" WHERE ("moves".game_id = 1) [0m
Completed in 11ms (View: 0, DB: 0) | 200 OK [http://localhost/games/1.json]


Processing GamesController#index to json (for 127.0.0.1 at 2010-03-28 15:32:28) [GET]
  [4;36;1mGame Load (0.4ms)[0m   [0;1mSELECT * FROM "games" [0m
Completed in 6ms (View: 2, DB: 0) | 200 OK [http://localhost/games.json]


Processing GamesController#show to json (for 127.0.0.1 at 2010-03-28 15:32:40) [GET]
  Parameters: {"id"=>"1"}
  [4;35;1mGame Load (0.2ms)[0m   [0mSELECT * FROM "games" WHERE ("games"."id" = 1) [0m
  [4;36;1mMove Load (0.2ms)[0m   [0;1mSELECT "moves".* FROM "moves" WHERE ("moves".game_id = 1) [0m
Completed in 11ms (View: 0, DB: 0) | 200 OK [http://localhost/games/1.json]


Processing GamesController#show to json (for 127.0.0.1 at 2010-03-28 15:33:48) [GET]
  Parameters: {"id"=>"1"}
  [4;36;1mGame Load (0.2ms)[0m   [0;1mSELECT * FROM "games" WHERE ("games"."id" = 1) [0m
  [4;35;1mMove Load (0.3ms)[0m   [0mSELECT "moves".* FROM "moves" WHERE ("moves".game_id = 1) [0m
Completed in 48ms (View: 2, DB: 0) | 200 OK [http://localhost/games/1.json]
  [4;36;1mSQL (0.4ms)[0m   [0;1m SELECT name
 FROM sqlite_master
 WHERE type = 'table' AND NOT name = 'sqlite_sequence'
[0m
  [4;35;1mSQL (0.1ms)[0m   [0mSELECT version FROM schema_migrations[0m
  [4;36;1mSQL (0.2ms)[0m   [0;1m SELECT name
 FROM sqlite_master
 WHERE type = 'table' AND NOT name = 'sqlite_sequence'
[0m
  [4;35;1mSQL (0.1ms)[0m   [0mSELECT version FROM schema_migrations[0m
Migrating to CreatePieces (20100328182348)
  [4;36;1mSQL (0.1ms)[0m   [0;1mselect sqlite_version(*)[0m
  [4;35;1mSQL (0.6ms)[0m   [0mDROP TABLE "pieces"[0m
  [4;36;1mSQL (0.1ms)[0m   [0;1mDELETE FROM schema_migrations WHERE version = '20100328182348'[0m
Migrating to CreateMoves (20100328182149)
  [4;35;1mSQL (0.6ms)[0m   [0mDROP TABLE "moves"[0m
  [4;36;1mSQL (0.1ms)[0m   [0;1mDELETE FROM schema_migrations WHERE version = '20100328182149'[0m
Migrating to CreateGames (20100328181629)
  [4;35;1mSQL (0.6ms)[0m   [0mDROP TABLE "games"[0m
  [4;36;1mSQL (0.1ms)[0m   [0;1mDELETE FROM schema_migrations WHERE version = '20100328181629'[0m
  [4;35;1mSQL (0.2ms)[0m   [0m SELECT name
 FROM sqlite_master
 WHERE type = 'table' AND NOT name = 'sqlite_sequence'
[0m
  [4;36;1mSQL (0.1ms)[0m   [0;1mSELECT version FROM schema_migrations[0m
  [4;35;1mSQL (0.1ms)[0m   [0m SELECT name
 FROM sqlite_master
 WHERE type = 'table' AND NOT name = 'sqlite_sequence'
[0m
  [4;36;1mSQL (0.3ms)[0m   [0;1m SELECT name
 FROM sqlite_master
 WHERE type = 'table' AND NOT name = 'sqlite_sequence'
[0m
  [4;35;1mSQL (0.1ms)[0m   [0mSELECT version FROM schema_migrations[0m
Migrating to CreateGames (20100328181629)
  [4;36;1mSQL (0.1ms)[0m   [0;1mselect sqlite_version(*)[0m
  [4;35;1mSQL (0.4ms)[0m   [0mCREATE TABLE "games" ("id" INTEGER PRIMARY KEY AUTOINCREMENT NOT NULL, "uuid" varchar(255), "active" boolean, "created_at" datetime, "updated_at" datetime) [0m
  [4;36;1mSQL (0.1ms)[0m   [0;1mINSERT INTO schema_migrations (version) VALUES ('20100328181629')[0m
Migrating to CreateMoves (20100328182149)
  [4;35;1mSQL (0.4ms)[0m   [0mCREATE TABLE "moves" ("id" INTEGER PRIMARY KEY AUTOINCREMENT NOT NULL, "game_id" integer, "x" float, "y" float, "angle" float, "power" float, "attempts" integer, "score_differential" integer, "max_multiplier" integer, "created_at" datetime, "updated_at" datetime) [0m
  [4;36;1mSQL (0.1ms)[0m   [0;1mINSERT INTO schema_migrations (version) VALUES ('20100328182149')[0m
Migrating to CreatePieces (20100328182348)
  [4;35;1mSQL (0.4ms)[0m   [0mCREATE TABLE "pieces" ("id" INTEGER PRIMARY KEY AUTOINCREMENT NOT NULL, "move_id" integer, "x" float, "y" float, "radius" float, "count" integer, "created_at" datetime, "updated_at" datetime) [0m
  [4;36;1mSQL (0.1ms)[0m   [0;1mINSERT INTO schema_migrations (version) VALUES ('20100328182348')[0m
  [4;35;1mSQL (0.3ms)[0m   [0m SELECT name
 FROM sqlite_master
 WHERE type = 'table' AND NOT name = 'sqlite_sequence'
[0m
  [4;36;1mSQL (0.1ms)[0m   [0;1mSELECT version FROM schema_migrations[0m
  [4;35;1mSQL (0.2ms)[0m   [0m SELECT name
 FROM sqlite_master
 WHERE type = 'table' AND NOT name = 'sqlite_sequence'
[0m
  [4;36;1mSQL (0.0ms)[0m   [0;1mPRAGMA index_list("games")[0m
  [4;35;1mSQL (0.0ms)[0m   [0mPRAGMA index_list("moves")[0m
  [4;36;1mSQL (0.0ms)[0m   [0;1mPRAGMA index_list("pieces")[0m
  [4;36;1mSQL (0.4ms)[0m   [0;1m SELECT name
 FROM sqlite_master
 WHERE type = 'table' AND NOT name = 'sqlite_sequence'
[0m
  [4;35;1mSQL (0.1ms)[0m   [0mSELECT version FROM schema_migrations[0m
  [4;36;1mSQL (0.1ms)[0m   [0;1mselect sqlite_version(*)[0m
  [4;35;1mSQL (0.1ms)[0m   [0m SELECT name
 FROM sqlite_master
 WHERE type = 'table' AND NOT name = 'sqlite_sequence'
[0m
  [4;36;1mSQL (40.5ms)[0m   [0;1mCREATE TABLE "games" ("id" INTEGER PRIMARY KEY AUTOINCREMENT NOT NULL, "uuid" varchar(255), "active" boolean, "created_at" datetime, "updated_at" datetime) [0m
  [4;35;1mSQL (0.2ms)[0m   [0m SELECT name
 FROM sqlite_master
 WHERE type = 'table' AND NOT name = 'sqlite_sequence'
[0m
  [4;36;1mSQL (3.2ms)[0m   [0;1mCREATE TABLE "moves" ("id" INTEGER PRIMARY KEY AUTOINCREMENT NOT NULL, "game_id" integer, "x" float, "y" float, "angle" float, "power" float, "attempts" integer, "score_differential" integer, "max_multiplier" integer, "created_at" datetime, "updated_at" datetime) [0m
  [4;35;1mSQL (0.2ms)[0m   [0m SELECT name
 FROM sqlite_master
 WHERE type = 'table' AND NOT name = 'sqlite_sequence'
[0m
  [4;36;1mSQL (5.8ms)[0m   [0;1mCREATE TABLE "pieces" ("id" INTEGER PRIMARY KEY AUTOINCREMENT NOT NULL, "move_id" integer, "x" float, "y" float, "radius" float, "count" integer, "created_at" datetime, "updated_at" datetime) [0m
  [4;35;1mSQL (0.2ms)[0m   [0m SELECT name
 FROM sqlite_master
 WHERE type = 'table' AND NOT name = 'sqlite_sequence'
[0m
  [4;36;1mSQL (4.6ms)[0m   [0;1mCREATE TABLE "schema_migrations" ("version" varchar(255) NOT NULL) [0m
  [4;35;1mSQL (4.9ms)[0m   [0mCREATE UNIQUE INDEX "unique_schema_migrations" ON "schema_migrations" ("version")[0m
  [4;36;1mSQL (0.4ms)[0m   [0;1m SELECT name
 FROM sqlite_master
 WHERE type = 'table' AND NOT name = 'sqlite_sequence'
[0m
  [4;35;1mSQL (0.1ms)[0m   [0mSELECT version FROM "schema_migrations"[0m
  [4;36;1mSQL (5.8ms)[0m   [0;1mINSERT INTO "schema_migrations" (version) VALUES ('20100328182348')[0m
  [4;35;1mSQL (5.0ms)[0m   [0mINSERT INTO "schema_migrations" (version) VALUES ('20100328181629')[0m
  [4;36;1mSQL (5.2ms)[0m   [0;1mINSERT INTO "schema_migrations" (version) VALUES ('20100328182149')[0m
  [4;36;1mSQL (0.4ms)[0m   [0;1m SELECT name
 FROM sqlite_master
 WHERE type = 'table' AND NOT name = 'sqlite_sequence'
[0m
  [4;35;1mSQL (0.1ms)[0m   [0mSELECT version FROM schema_migrations[0m
  [4;36;1mSQL (0.2ms)[0m   [0;1m SELECT name
 FROM sqlite_master
 WHERE type = 'table' AND NOT name = 'sqlite_sequence'
[0m
  [4;35;1mSQL (0.1ms)[0m   [0mSELECT version FROM schema_migrations[0m
Migrating to CreatePieces (20100328182348)
  [4;36;1mSQL (0.1ms)[0m   [0;1mselect sqlite_version(*)[0m
  [4;35;1mSQL (0.5ms)[0m   [0mDROP TABLE "pieces"[0m
  [4;36;1mSQL (0.1ms)[0m   [0;1mDELETE FROM schema_migrations WHERE version = '20100328182348'[0m
Migrating to CreateMoves (20100328182149)
  [4;35;1mSQL (0.5ms)[0m   [0mDROP TABLE "moves"[0m
  [4;36;1mSQL (0.1ms)[0m   [0;1mDELETE FROM schema_migrations WHERE version = '20100328182149'[0m
Migrating to CreateGames (20100328181629)
  [4;35;1mSQL (0.8ms)[0m   [0mDROP TABLE "games"[0m
  [4;36;1mSQL (0.1ms)[0m   [0;1mDELETE FROM schema_migrations WHERE version = '20100328181629'[0m
  [4;35;1mSQL (0.2ms)[0m   [0m SELECT name
 FROM sqlite_master
 WHERE type = 'table' AND NOT name = 'sqlite_sequence'
[0m
  [4;36;1mSQL (0.1ms)[0m   [0;1mSELECT version FROM schema_migrations[0m
  [4;35;1mSQL (0.1ms)[0m   [0m SELECT name
 FROM sqlite_master
 WHERE type = 'table' AND NOT name = 'sqlite_sequence'
[0m
  [4;36;1mSQL (0.3ms)[0m   [0;1m SELECT name
 FROM sqlite_master
 WHERE type = 'table' AND NOT name = 'sqlite_sequence'
[0m
  [4;35;1mSQL (0.1ms)[0m   [0mSELECT version FROM schema_migrations[0m
Migrating to CreateGames (20100328181629)
  [4;36;1mSQL (0.1ms)[0m   [0;1mselect sqlite_version(*)[0m
  [4;35;1mSQL (0.4ms)[0m   [0mCREATE TABLE "games" ("id" INTEGER PRIMARY KEY AUTOINCREMENT NOT NULL, "uuid" varchar(255), "active" boolean, "created_at" datetime, "updated_at" datetime) [0m
  [4;36;1mSQL (0.1ms)[0m   [0;1mINSERT INTO schema_migrations (version) VALUES ('20100328181629')[0m
Migrating to CreateMoves (20100328182149)
  [4;35;1mSQL (1.5ms)[0m   [0mCREATE TABLE "moves" ("id" INTEGER PRIMARY KEY AUTOINCREMENT NOT NULL, "game_id" integer, "x" float, "y" float, "angle" float, "power" float, "attempts" integer, "score_differential" integer, "max_multiplier" integer, "attempt_failed" boolean, "created_at" datetime, "updated_at" datetime) [0m
  [4;36;1mSQL (0.1ms)[0m   [0;1mINSERT INTO schema_migrations (version) VALUES ('20100328182149')[0m
Migrating to CreatePieces (20100328182348)
  [4;35;1mSQL (0.4ms)[0m   [0mCREATE TABLE "pieces" ("id" INTEGER PRIMARY KEY AUTOINCREMENT NOT NULL, "move_id" integer, "x" float, "y" float, "radius" float, "count" integer, "created_at" datetime, "updated_at" datetime) [0m
  [4;36;1mSQL (0.1ms)[0m   [0;1mINSERT INTO schema_migrations (version) VALUES ('20100328182348')[0m
  [4;35;1mSQL (0.3ms)[0m   [0m SELECT name
 FROM sqlite_master
 WHERE type = 'table' AND NOT name = 'sqlite_sequence'
[0m
  [4;36;1mSQL (0.1ms)[0m   [0;1mSELECT version FROM schema_migrations[0m
  [4;35;1mSQL (0.2ms)[0m   [0m SELECT name
 FROM sqlite_master
 WHERE type = 'table' AND NOT name = 'sqlite_sequence'
[0m
  [4;36;1mSQL (0.0ms)[0m   [0;1mPRAGMA index_list("games")[0m
  [4;35;1mSQL (0.0ms)[0m   [0mPRAGMA index_list("moves")[0m
  [4;36;1mSQL (0.0ms)[0m   [0;1mPRAGMA index_list("pieces")[0m
  [4;36;1mSQL (0.4ms)[0m   [0;1m SELECT name
 FROM sqlite_master
 WHERE type = 'table' AND NOT name = 'sqlite_sequence'
[0m
  [4;35;1mSQL (0.1ms)[0m   [0mSELECT version FROM schema_migrations[0m
  [4;36;1mSQL (0.1ms)[0m   [0;1mselect sqlite_version(*)[0m
  [4;35;1mSQL (0.1ms)[0m   [0m SELECT name
 FROM sqlite_master
 WHERE type = 'table' AND NOT name = 'sqlite_sequence'
[0m
  [4;36;1mSQL (41.2ms)[0m   [0;1mCREATE TABLE "games" ("id" INTEGER PRIMARY KEY AUTOINCREMENT NOT NULL, "uuid" varchar(255), "active" boolean, "created_at" datetime, "updated_at" datetime) [0m
  [4;35;1mSQL (0.3ms)[0m   [0m SELECT name
 FROM sqlite_master
 WHERE type = 'table' AND NOT name = 'sqlite_sequence'
[0m
  [4;36;1mSQL (3.2ms)[0m   [0;1mCREATE TABLE "moves" ("id" INTEGER PRIMARY KEY AUTOINCREMENT NOT NULL, "game_id" integer, "x" float, "y" float, "angle" float, "power" float, "attempts" integer, "score_differential" integer, "max_multiplier" integer, "attempt_failed" boolean, "created_at" datetime, "updated_at" datetime) [0m
  [4;35;1mSQL (0.2ms)[0m   [0m SELECT name
 FROM sqlite_master
 WHERE type = 'table' AND NOT name = 'sqlite_sequence'
[0m
  [4;36;1mSQL (3.9ms)[0m   [0;1mCREATE TABLE "pieces" ("id" INTEGER PRIMARY KEY AUTOINCREMENT NOT NULL, "move_id" integer, "x" float, "y" float, "radius" float, "count" integer, "created_at" datetime, "updated_at" datetime) [0m
  [4;35;1mSQL (0.2ms)[0m   [0m SELECT name
 FROM sqlite_master
 WHERE type = 'table' AND NOT name = 'sqlite_sequence'
[0m
  [4;36;1mSQL (4.4ms)[0m   [0;1mCREATE TABLE "schema_migrations" ("version" varchar(255) NOT NULL) [0m
  [4;35;1mSQL (5.0ms)[0m   [0mCREATE UNIQUE INDEX "unique_schema_migrations" ON "schema_migrations" ("version")[0m
  [4;36;1mSQL (0.5ms)[0m   [0;1m SELECT name
 FROM sqlite_master
 WHERE type = 'table' AND NOT name = 'sqlite_sequence'
[0m
  [4;35;1mSQL (0.2ms)[0m   [0mSELECT version FROM "schema_migrations"[0m
  [4;36;1mSQL (5.9ms)[0m   [0;1mINSERT INTO "schema_migrations" (version) VALUES ('20100328182348')[0m
  [4;35;1mSQL (6.7ms)[0m   [0mINSERT INTO "schema_migrations" (version) VALUES ('20100328181629')[0m
  [4;36;1mSQL (6.7ms)[0m   [0;1mINSERT INTO "schema_migrations" (version) VALUES ('20100328182149')[0m
  [4;36;1mSQL (0.4ms)[0m   [0;1m SELECT name
 FROM sqlite_master
 WHERE type = 'table' AND NOT name = 'sqlite_sequence'
[0m
  [4;35;1mSQL (0.1ms)[0m   [0mSELECT version FROM schema_migrations[0m
  [4;36;1mSQL (0.2ms)[0m   [0;1m SELECT name
 FROM sqlite_master
 WHERE type = 'table' AND NOT name = 'sqlite_sequence'
[0m
  [4;35;1mSQL (0.1ms)[0m   [0mSELECT version FROM schema_migrations[0m
Migrating to CreatePieces (20100328182348)
  [4;36;1mSQL (0.1ms)[0m   [0;1mselect sqlite_version(*)[0m
  [4;35;1mSQL (0.5ms)[0m   [0mDROP TABLE "pieces"[0m
  [4;36;1mSQL (0.1ms)[0m   [0;1mDELETE FROM schema_migrations WHERE version = '20100328182348'[0m
Migrating to CreateMoves (20100328182149)
  [4;35;1mSQL (0.6ms)[0m   [0mDROP TABLE "moves"[0m
  [4;36;1mSQL (0.1ms)[0m   [0;1mDELETE FROM schema_migrations WHERE version = '20100328182149'[0m
Migrating to CreateGames (20100328181629)
  [4;35;1mSQL (0.6ms)[0m   [0mDROP TABLE "games"[0m
  [4;36;1mSQL (0.1ms)[0m   [0;1mDELETE FROM schema_migrations WHERE version = '20100328181629'[0m
  [4;35;1mSQL (0.2ms)[0m   [0m SELECT name
 FROM sqlite_master
 WHERE type = 'table' AND NOT name = 'sqlite_sequence'
[0m
  [4;36;1mSQL (0.1ms)[0m   [0;1mSELECT version FROM schema_migrations[0m
  [4;35;1mSQL (0.1ms)[0m   [0m SELECT name
 FROM sqlite_master
 WHERE type = 'table' AND NOT name = 'sqlite_sequence'
[0m
  [4;36;1mSQL (0.3ms)[0m   [0;1m SELECT name
 FROM sqlite_master
 WHERE type = 'table' AND NOT name = 'sqlite_sequence'
[0m
  [4;35;1mSQL (0.1ms)[0m   [0mSELECT version FROM schema_migrations[0m
Migrating to CreateGames (20100328181629)
  [4;36;1mSQL (0.1ms)[0m   [0;1mselect sqlite_version(*)[0m
  [4;35;1mSQL (0.4ms)[0m   [0mCREATE TABLE "games" ("id" INTEGER PRIMARY KEY AUTOINCREMENT NOT NULL, "uuid" varchar(255), "active" boolean DEFAULT 't', "created_at" datetime, "updated_at" datetime) [0m
  [4;36;1mSQL (0.1ms)[0m   [0;1mINSERT INTO schema_migrations (version) VALUES ('20100328181629')[0m
Migrating to CreateMoves (20100328182149)
  [4;35;1mSQL (0.5ms)[0m   [0mCREATE TABLE "moves" ("id" INTEGER PRIMARY KEY AUTOINCREMENT NOT NULL, "game_id" integer, "x" float, "y" float, "angle" float, "power" float, "attempts" integer, "score_differential" integer, "max_multiplier" integer, "attempt_failed" boolean DEFAULT 'f', "created_at" datetime, "updated_at" datetime) [0m
  [4;36;1mSQL (0.1ms)[0m   [0;1mINSERT INTO schema_migrations (version) VALUES ('20100328182149')[0m
Migrating to CreatePieces (20100328182348)
  [4;35;1mSQL (0.4ms)[0m   [0mCREATE TABLE "pieces" ("id" INTEGER PRIMARY KEY AUTOINCREMENT NOT NULL, "move_id" integer, "x" float, "y" float, "radius" float, "count" integer, "created_at" datetime, "updated_at" datetime) [0m
  [4;36;1mSQL (0.1ms)[0m   [0;1mINSERT INTO schema_migrations (version) VALUES ('20100328182348')[0m
  [4;35;1mSQL (0.3ms)[0m   [0m SELECT name
 FROM sqlite_master
 WHERE type = 'table' AND NOT name = 'sqlite_sequence'
[0m
  [4;36;1mSQL (0.1ms)[0m   [0;1mSELECT version FROM schema_migrations[0m
  [4;35;1mSQL (0.2ms)[0m   [0m SELECT name
 FROM sqlite_master
 WHERE type = 'table' AND NOT name = 'sqlite_sequence'
[0m
  [4;36;1mSQL (0.0ms)[0m   [0;1mPRAGMA index_list("games")[0m
  [4;35;1mSQL (0.0ms)[0m   [0mPRAGMA index_list("moves")[0m
  [4;36;1mSQL (0.0ms)[0m   [0;1mPRAGMA index_list("pieces")[0m
  [4;36;1mSQL (0.4ms)[0m   [0;1m SELECT name
 FROM sqlite_master
 WHERE type = 'table' AND NOT name = 'sqlite_sequence'
[0m
  [4;35;1mSQL (0.1ms)[0m   [0mSELECT version FROM schema_migrations[0m
  [4;36;1mSQL (0.1ms)[0m   [0;1mselect sqlite_version(*)[0m
  [4;35;1mSQL (0.1ms)[0m   [0m SELECT name
 FROM sqlite_master
 WHERE type = 'table' AND NOT name = 'sqlite_sequence'
[0m
  [4;36;1mSQL (43.0ms)[0m   [0;1mCREATE TABLE "games" ("id" INTEGER PRIMARY KEY AUTOINCREMENT NOT NULL, "uuid" varchar(255), "active" boolean DEFAULT 't', "created_at" datetime, "updated_at" datetime) [0m
  [4;35;1mSQL (0.3ms)[0m   [0m SELECT name
 FROM sqlite_master
 WHERE type = 'table' AND NOT name = 'sqlite_sequence'
[0m
  [4;36;1mSQL (3.2ms)[0m   [0;1mCREATE TABLE "moves" ("id" INTEGER PRIMARY KEY AUTOINCREMENT NOT NULL, "game_id" integer, "x" float, "y" float, "angle" float, "power" float, "attempts" integer, "score_differential" integer, "max_multiplier" integer, "attempt_failed" boolean DEFAULT 'f', "created_at" datetime, "updated_at" datetime) [0m
  [4;35;1mSQL (0.2ms)[0m   [0m SELECT name
 FROM sqlite_master
 WHERE type = 'table' AND NOT name = 'sqlite_sequence'
[0m
  [4;36;1mSQL (5.7ms)[0m   [0;1mCREATE TABLE "pieces" ("id" INTEGER PRIMARY KEY AUTOINCREMENT NOT NULL, "move_id" integer, "x" float, "y" float, "radius" float, "count" integer, "created_at" datetime, "updated_at" datetime) [0m
  [4;35;1mSQL (0.4ms)[0m   [0m SELECT name
 FROM sqlite_master
 WHERE type = 'table' AND NOT name = 'sqlite_sequence'
[0m
  [4;36;1mSQL (4.9ms)[0m   [0;1mCREATE TABLE "schema_migrations" ("version" varchar(255) NOT NULL) [0m
  [4;35;1mSQL (4.0ms)[0m   [0mCREATE UNIQUE INDEX "unique_schema_migrations" ON "schema_migrations" ("version")[0m
  [4;36;1mSQL (0.3ms)[0m   [0;1m SELECT name
 FROM sqlite_master
 WHERE type = 'table' AND NOT name = 'sqlite_sequence'
[0m
  [4;35;1mSQL (0.1ms)[0m   [0mSELECT version FROM "schema_migrations"[0m
  [4;36;1mSQL (3.8ms)[0m   [0;1mINSERT INTO "schema_migrations" (version) VALUES ('20100328182348')[0m
  [4;35;1mSQL (5.2ms)[0m   [0mINSERT INTO "schema_migrations" (version) VALUES ('20100328181629')[0m
  [4;36;1mSQL (4.2ms)[0m   [0;1mINSERT INTO "schema_migrations" (version) VALUES ('20100328182149')[0m
